2023-06-14T02:12:07.346-0600	[34mINFO[0m	variadic-params/delta.go:47	Executing delta - Execute login flow for account with delta 2FA triggered, please wait...
2023-06-14T02:12:16.587-0600	[34mINFO[0m	variadic-params/delta.go:78	Retrieved record with UID WPlgP-G2xlR2B_MV-6XRaA from keeper
2023-06-14T02:13:15.343-0600	[34mINFO[0m	engagement/meta-account.go:141	Successful login screenshot created for MBxFtEoQFQhi@workwithincreasedintensity.com at %!s(MISSING)
2023-06-14T02:13:19.988-0600	[34mINFO[0m	engagement/meta-account.go:368	Successfully logged out from MBxFtEoQFQhi@workwithincreasedintensity.com
2023-06-14T02:13:19.989-0600	[34mINFO[0m	variadic-params/delta.go:117	Successfully logged into https://auth.meta.com with MBxFtEoQFQhi@workwithincreasedintensity.com

2023-06-14T02:21:37.485-0600	[34mINFO[0m	variadic-params/delta.go:68	Executing delta - Execute login flow for account with delta 2FA triggered, please wait...
2023-06-14T02:21:44.251-0600	[34mINFO[0m	variadic-params/delta.go:99	Retrieved record with UID WPlgP-G2xlR2B_MV-6XRaA from keeper
2023-06-14T02:27:00.306-0600	[34mINFO[0m	variadic-params/delta.go:68	Executing delta - Execute login flow for account with delta 2FA triggered, please wait...
2023-06-14T02:27:06.979-0600	[34mINFO[0m	variadic-params/delta.go:99	Retrieved record with UID r0H-B6_g3PdEfVI4AAKMOw from keeper
2023-06-14T02:31:09.438-0600	[34mINFO[0m	variadic-params/delta.go:47	Executing delta - Execute login flow for account with delta 2FA triggered, please wait...
2023-06-14T02:55:47.073-0600	[34mINFO[0m	variadic-params/delta.go:68	Executing delta - Execute login flow for account with delta 2FA triggered, please wait...
2023-06-14T02:58:45.881-0600	[34mINFO[0m	variadic-params/delta.go:68	Executing delta - Execute login flow for account with delta 2FA triggered, please wait...
2023-06-14T02:58:53.606-0600	[34mINFO[0m	variadic-params/delta.go:99	Retrieved record with UID r0H-B6_g3PdEfVI4AAKMOw from keeper
2023-06-14T03:05:10.068-0600	[34mINFO[0m	variadic-params/delta.go:68	Executing delta - Execute login flow for account with delta 2FA triggered, please wait...
2023-06-14T03:05:15.876-0600	[34mINFO[0m	variadic-params/delta.go:99	Retrieved record with UID r0H-B6_g3PdEfVI4AAKMOw from keeper
2023-06-14T03:05:41.232-0600	[34mINFO[0m	variadic-params/delta.go:68	Executing delta - Execute login flow for account with delta 2FA triggered, please wait...
2023-06-14T03:05:44.638-0600	[31mERROR[0m	variadic-params/delta.go:123	failed to login to https://auth.meta.com: error: delta 2FA triggered
2023-06-14T03:05:47.165-0600	[34mINFO[0m	variadic-params/delta.go:99	Retrieved record with UID r0H-B6_g3PdEfVI4AAKMOw from keeper
2023-06-14T03:06:05.803-0600	[34mINFO[0m	variadic-params/delta.go:68	Executing delta - Execute login flow for account with delta 2FA triggered, please wait...
2023-06-14T03:06:11.678-0600	[34mINFO[0m	variadic-params/delta.go:99	Retrieved record with UID r0H-B6_g3PdEfVI4AAKMOw from keeper
2023-06-14T03:08:50.751-0600	[34mINFO[0m	variadic-params/delta.go:68	Executing delta - Execute login flow for account with delta 2FA triggered, please wait...
2023-06-14T03:08:57.436-0600	[34mINFO[0m	variadic-params/delta.go:99	Retrieved record with UID r0H-B6_g3PdEfVI4AAKMOw from keeper
2023-06-14T03:09:51.949-0600	[31mERROR[0m	variadic-params/delta.go:123	failed to login to https://auth.meta.com: error: delta 2FA triggered
2023-06-14T03:11:15.749-0600	[34mINFO[0m	variadic-params/delta.go:68	Executing delta - Execute login flow for account with delta 2FA triggered, please wait...
2023-06-14T03:11:21.731-0600	[34mINFO[0m	variadic-params/delta.go:99	Retrieved record with UID r0H-B6_g3PdEfVI4AAKMOw from keeper
2023-06-14T03:11:58.160-0600	[34mINFO[0m	variadic-params/delta.go:68	Executing delta - Execute login flow for account with delta 2FA triggered, please wait...
2023-06-14T03:12:04.162-0600	[34mINFO[0m	variadic-params/delta.go:99	Retrieved record with UID r0H-B6_g3PdEfVI4AAKMOw from keeper
2023-06-14T03:12:22.498-0600	[34mINFO[0m	variadic-params/delta.go:68	Executing delta - Execute login flow for account with delta 2FA triggered, please wait...
2023-06-14T03:12:34.967-0600	[34mINFO[0m	variadic-params/delta.go:68	Executing delta - Execute login flow for account with delta 2FA triggered, please wait...
2023-06-14T03:12:40.854-0600	[34mINFO[0m	variadic-params/delta.go:99	Retrieved record with UID r0H-B6_g3PdEfVI4AAKMOw from keeper
2023-06-14T03:13:18.246-0600	[31mERROR[0m	variadic-params/delta.go:123	failed to login to https://auth.meta.com: error: delta 2FA triggered
2023-06-14T03:14:38.473-0600	[34mINFO[0m	variadic-params/delta.go:68	Executing delta - Execute login flow for account with delta 2FA triggered, please wait...
2023-06-14T03:14:47.307-0600	[34mINFO[0m	variadic-params/delta.go:99	Retrieved record with UID r0H-B6_g3PdEfVI4AAKMOw from keeper
2023-06-14T03:14:53.717-0600	[34mINFO[0m	variadic-params/delta.go:68	Executing delta - Execute login flow for account with delta 2FA triggered, please wait...
2023-06-14T03:14:59.979-0600	[34mINFO[0m	variadic-params/delta.go:99	Retrieved record with UID r0H-B6_g3PdEfVI4AAKMOw from keeper
2023-06-14T03:16:02.505-0600	[31mERROR[0m	variadic-params/delta.go:123	failed to login to https://auth.meta.com: error: delta 2FA triggered
2023-06-14T03:16:49.832-0600	[34mINFO[0m	variadic-params/delta.go:68	Executing delta - Execute login flow for account with delta 2FA triggered, please wait...
2023-06-14T03:16:56.411-0600	[34mINFO[0m	variadic-params/delta.go:99	Retrieved record with UID r0H-B6_g3PdEfVI4AAKMOw from keeper
2023-06-14T03:18:02.908-0600	[31mERROR[0m	variadic-params/delta.go:123	failed to login to https://auth.meta.com: context deadline exceeded
2023-06-14T03:18:09.085-0600	[34mINFO[0m	variadic-params/delta.go:68	Executing delta - Execute login flow for account with delta 2FA triggered, please wait...
2023-06-14T03:18:14.937-0600	[34mINFO[0m	variadic-params/delta.go:99	Retrieved record with UID r0H-B6_g3PdEfVI4AAKMOw from keeper
2023-06-14T03:19:46.040-0600	[34mINFO[0m	variadic-params/delta.go:68	Executing delta - Execute login flow for account with delta 2FA triggered, please wait...
2023-06-14T03:19:51.994-0600	[34mINFO[0m	variadic-params/delta.go:99	Retrieved record with UID r0H-B6_g3PdEfVI4AAKMOw from keeper
2023-06-14T03:20:28.480-0600	[34mINFO[0m	variadic-params/delta.go:68	Executing delta - Execute login flow for account with delta 2FA triggered, please wait...
2023-06-14T03:20:34.475-0600	[34mINFO[0m	variadic-params/delta.go:99	Retrieved record with UID r0H-B6_g3PdEfVI4AAKMOw from keeper
2023-06-14T03:20:45.303-0600	[34mINFO[0m	variadic-params/delta.go:68	Executing delta - Execute login flow for account with delta 2FA triggered, please wait...
2023-06-14T03:20:51.387-0600	[34mINFO[0m	variadic-params/delta.go:99	Retrieved record with UID r0H-B6_g3PdEfVI4AAKMOw from keeper
2023-06-14T03:21:46.610-0600	[31mERROR[0m	variadic-params/delta.go:123	failed to login to https://auth.meta.com: context deadline exceeded
2023-06-14T03:23:31.481-0600	[34mINFO[0m	variadic-params/delta.go:68	Executing delta - Execute login flow for account with delta 2FA triggered, please wait...
2023-06-14T03:23:37.520-0600	[34mINFO[0m	variadic-params/delta.go:99	Retrieved record with UID r0H-B6_g3PdEfVI4AAKMOw from keeper
2023-06-14T03:24:16.909-0600	[34mINFO[0m	variadic-params/delta.go:68	Executing delta - Execute login flow for account with delta 2FA triggered, please wait...
2023-06-14T03:24:23.024-0600	[34mINFO[0m	variadic-params/delta.go:99	Retrieved record with UID r0H-B6_g3PdEfVI4AAKMOw from keeper
2023-06-14T03:24:34.480-0600	[34mINFO[0m	variadic-params/delta.go:68	Executing delta - Execute login flow for account with delta 2FA triggered, please wait...
2023-06-14T03:24:40.753-0600	[34mINFO[0m	variadic-params/delta.go:99	Retrieved record with UID r0H-B6_g3PdEfVI4AAKMOw from keeper
2023-06-14T03:25:40.850-0600	[34mINFO[0m	variadic-params/delta.go:68	Executing delta - Execute login flow for account with delta 2FA triggered, please wait...
2023-06-14T03:25:43.522-0600	[31mERROR[0m	variadic-params/delta.go:123	failed to login to https://auth.meta.com: error: delta 2FA triggered
2023-06-14T03:25:44.723-0600	[34mINFO[0m	variadic-params/delta.go:68	Executing delta - Execute login flow for account with delta 2FA triggered, please wait...
2023-06-14T03:25:47.249-0600	[34mINFO[0m	variadic-params/delta.go:99	Retrieved record with UID r0H-B6_g3PdEfVI4AAKMOw from keeper
2023-06-14T03:25:50.821-0600	[34mINFO[0m	variadic-params/delta.go:99	Retrieved record with UID r0H-B6_g3PdEfVI4AAKMOw from keeper
2023-06-14T03:26:25.142-0600	[31mERROR[0m	variadic-params/delta.go:123	failed to login to https://auth.meta.com: error: delta 2FA triggered
2023-06-14T03:27:00.653-0600	[34mINFO[0m	variadic-params/delta.go:68	Executing delta - Execute login flow for account with delta 2FA triggered, please wait...
2023-06-14T03:27:06.504-0600	[34mINFO[0m	variadic-params/delta.go:99	Retrieved record with UID r0H-B6_g3PdEfVI4AAKMOw from keeper
2023-06-14T03:27:22.710-0600	[34mINFO[0m	variadic-params/delta.go:68	Executing delta - Execute login flow for account with delta 2FA triggered, please wait...
2023-06-14T03:27:28.918-0600	[34mINFO[0m	variadic-params/delta.go:99	Retrieved record with UID r0H-B6_g3PdEfVI4AAKMOw from keeper
2023-06-14T03:27:36.909-0600	[31mERROR[0m	variadic-params/delta.go:123	failed to login to https://auth.meta.com: error: delta 2FA triggered
2023-06-14T03:28:37.184-0600	[31mERROR[0m	variadic-params/delta.go:123	failed to login to https://auth.meta.com: error: delta 2FA triggered
2023-06-14T03:34:30.135-0600	[34mINFO[0m	variadic-params/delta.go:68	Executing delta - Execute login flow for account with delta 2FA triggered, please wait...
2023-06-14T03:34:35.536-0600	[31mERROR[0m	variadic-params/delta.go:84	failed to run keeper: args: [get someRecord --unmask --format json --config /Users/jaysong/.keeper/config.json], stdout: get: Cannot find any object with UID: someRecord
, err: exit status 1
2023-06-14T03:34:36.866-0600	[34mINFO[0m	variadic-params/delta.go:68	Executing delta - Execute login flow for account with delta 2FA triggered, please wait...
2023-06-14T03:34:37.342-0600	[34mINFO[0m	variadic-params/delta.go:68	Executing delta - Execute login flow for account with delta 2FA triggered, please wait...
2023-06-14T03:34:38.842-0600	[31mERROR[0m	variadic-params/delta.go:84	error: ensure keeper commander is installed and a valid keeper session is established
2023-06-14T03:34:39.006-0600	[31mERROR[0m	variadic-params/delta.go:84	error: ensure keeper commander is installed and a valid keeper session is established
2023-06-14T03:34:40.206-0600	[34mINFO[0m	variadic-params/delta.go:68	Executing delta - Execute login flow for account with delta 2FA triggered, please wait...
2023-06-14T03:34:41.706-0600	[31mERROR[0m	variadic-params/delta.go:84	error: ensure keeper commander is installed and a valid keeper session is established
2023-06-14T03:34:57.468-0600	[34mINFO[0m	variadic-params/delta.go:68	Executing delta - Execute login flow for account with delta 2FA triggered, please wait...
2023-06-14T03:34:59.455-0600	[31mERROR[0m	variadic-params/delta.go:84	error: ensure keeper commander is installed and a valid keeper session is established
2023-06-14T03:35:00.781-0600	[34mINFO[0m	variadic-params/delta.go:68	Executing delta - Execute login flow for account with delta 2FA triggered, please wait...
2023-06-14T03:35:02.271-0600	[31mERROR[0m	variadic-params/delta.go:84	error: ensure keeper commander is installed and a valid keeper session is established
2023-06-14T03:35:20.144-0600	[34mINFO[0m	variadic-params/delta.go:68	Executing delta - Execute login flow for account with delta 2FA triggered, please wait...
2023-06-14T03:35:21.708-0600	[31mERROR[0m	variadic-params/delta.go:84	error: ensure keeper commander is installed and a valid keeper session is established
2023-06-14T03:35:23.020-0600	[34mINFO[0m	variadic-params/delta.go:68	Executing delta - Execute login flow for account with delta 2FA triggered, please wait...
2023-06-14T03:35:24.514-0600	[31mERROR[0m	variadic-params/delta.go:84	error: ensure keeper commander is installed and a valid keeper session is established
2023-06-14T03:36:05.569-0600	[34mINFO[0m	variadic-params/delta.go:68	Executing delta - Execute login flow for account with delta 2FA triggered, please wait...
2023-06-14T03:36:07.109-0600	[31mERROR[0m	variadic-params/delta.go:84	error: ensure keeper commander is installed and a valid keeper session is established
2023-06-14T03:36:08.470-0600	[34mINFO[0m	variadic-params/delta.go:68	Executing delta - Execute login flow for account with delta 2FA triggered, please wait...
2023-06-14T03:36:09.980-0600	[31mERROR[0m	variadic-params/delta.go:84	error: ensure keeper commander is installed and a valid keeper session is established
2023-06-14T03:36:10.616-0600	[34mINFO[0m	variadic-params/delta.go:68	Executing delta - Execute login flow for account with delta 2FA triggered, please wait...
2023-06-14T03:36:12.103-0600	[31mERROR[0m	variadic-params/delta.go:84	error: ensure keeper commander is installed and a valid keeper session is established
2023-06-14T03:36:13.423-0600	[34mINFO[0m	variadic-params/delta.go:68	Executing delta - Execute login flow for account with delta 2FA triggered, please wait...
2023-06-14T03:36:14.896-0600	[31mERROR[0m	variadic-params/delta.go:84	error: ensure keeper commander is installed and a valid keeper session is established
2023-06-14T03:37:13.835-0600	[34mINFO[0m	variadic-params/delta.go:68	Executing delta - Execute login flow for account with delta 2FA triggered, please wait...
2023-06-14T03:37:15.430-0600	[31mERROR[0m	variadic-params/delta.go:84	error: ensure keeper commander is installed and a valid keeper session is established
2023-06-14T03:37:20.596-0600	[34mINFO[0m	variadic-params/delta.go:68	Executing delta - Execute login flow for account with delta 2FA triggered, please wait...
2023-06-14T03:37:22.073-0600	[31mERROR[0m	variadic-params/delta.go:84	error: ensure keeper commander is installed and a valid keeper session is established
2023-06-14T03:38:04.973-0600	[34mINFO[0m	variadic-params/delta.go:68	Executing delta - Execute login flow for account with delta 2FA triggered, please wait...
2023-06-14T03:38:06.551-0600	[31mERROR[0m	variadic-params/delta.go:84	error: ensure keeper commander is installed and a valid keeper session is established
2023-06-14T03:38:07.867-0600	[34mINFO[0m	variadic-params/delta.go:68	Executing delta - Execute login flow for account with delta 2FA triggered, please wait...
2023-06-14T03:38:11.185-0600	[31mERROR[0m	variadic-params/delta.go:84	error: ensure keeper commander is installed and a valid keeper session is established
2023-06-14T03:38:26.375-0600	[34mINFO[0m	variadic-params/delta.go:68	Executing delta - Execute login flow for account with delta 2FA triggered, please wait...
2023-06-14T03:38:27.861-0600	[31mERROR[0m	variadic-params/delta.go:84	error: ensure keeper commander is installed and a valid keeper session is established
2023-06-14T03:38:29.261-0600	[34mINFO[0m	variadic-params/delta.go:68	Executing delta - Execute login flow for account with delta 2FA triggered, please wait...
2023-06-14T03:38:30.746-0600	[31mERROR[0m	variadic-params/delta.go:84	error: ensure keeper commander is installed and a valid keeper session is established
2023-06-14T03:38:48.048-0600	[34mINFO[0m	variadic-params/delta.go:68	Executing delta - Execute login flow for account with delta 2FA triggered, please wait...
2023-06-14T03:38:49.542-0600	[31mERROR[0m	variadic-params/delta.go:84	error: ensure keeper commander is installed and a valid keeper session is established
2023-06-14T03:38:52.739-0600	[34mINFO[0m	variadic-params/delta.go:68	Executing delta - Execute login flow for account with delta 2FA triggered, please wait...
2023-06-14T03:38:54.215-0600	[31mERROR[0m	variadic-params/delta.go:84	error: ensure keeper commander is installed and a valid keeper session is established
2023-06-14T03:39:40.369-0600	[34mINFO[0m	variadic-params/delta.go:68	Executing delta - Execute login flow for account with delta 2FA triggered, please wait...
2023-06-14T03:39:41.920-0600	[31mERROR[0m	variadic-params/delta.go:84	error: ensure keeper commander is installed and a valid keeper session is established
2023-06-14T03:39:43.243-0600	[34mINFO[0m	variadic-params/delta.go:68	Executing delta - Execute login flow for account with delta 2FA triggered, please wait...
2023-06-14T03:39:44.727-0600	[31mERROR[0m	variadic-params/delta.go:84	error: ensure keeper commander is installed and a valid keeper session is established
2023-06-14T03:40:56.978-0600	[34mINFO[0m	variadic-params/delta.go:68	Executing delta - Execute login flow for account with delta 2FA triggered, please wait...
2023-06-14T03:40:58.672-0600	[31mERROR[0m	variadic-params/delta.go:84	error: ensure keeper commander is installed and a valid keeper session is established
2023-06-14T03:41:00.009-0600	[34mINFO[0m	variadic-params/delta.go:68	Executing delta - Execute login flow for account with delta 2FA triggered, please wait...
2023-06-14T03:41:01.529-0600	[31mERROR[0m	variadic-params/delta.go:84	error: ensure keeper commander is installed and a valid keeper session is established
2023-06-14T03:41:02.296-0600	[34mINFO[0m	variadic-params/delta.go:68	Executing delta - Execute login flow for account with delta 2FA triggered, please wait...
2023-06-14T03:41:03.785-0600	[31mERROR[0m	variadic-params/delta.go:84	error: ensure keeper commander is installed and a valid keeper session is established
2023-06-14T03:41:05.118-0600	[34mINFO[0m	variadic-params/delta.go:68	Executing delta - Execute login flow for account with delta 2FA triggered, please wait...
2023-06-14T03:41:06.576-0600	[31mERROR[0m	variadic-params/delta.go:84	error: ensure keeper commander is installed and a valid keeper session is established
2023-06-14T03:41:58.519-0600	[34mINFO[0m	variadic-params/delta.go:68	Executing delta - Execute login flow for account with delta 2FA triggered, please wait...
2023-06-14T03:42:00.077-0600	[31mERROR[0m	variadic-params/delta.go:84	error: ensure keeper commander is installed and a valid keeper session is established
2023-06-14T03:42:01.367-0600	[34mINFO[0m	variadic-params/delta.go:68	Executing delta - Execute login flow for account with delta 2FA triggered, please wait...
2023-06-14T03:42:02.837-0600	[31mERROR[0m	variadic-params/delta.go:84	error: ensure keeper commander is installed and a valid keeper session is established
2023-06-14T03:48:39.446-0600	[34mINFO[0m	variadic-params/delta.go:66	Executing delta - Execute login flow for account with delta 2FA triggered, please wait...
2023-06-14T03:52:38.417-0600	[34mINFO[0m	variadic-params/delta.go:42	Executing delta - Execute login flow for account with delta 2FA triggered, please wait...
